<?xml version="1.0" encoding="UTF-8"?>
<!-- Generated by org.testng.reporters.JUnitXMLReporter -->
<testsuite ignored="0" hostname="MT-79DHR93" failures="0" tests="10" name="Default test" time="234.203" errors="0" timestamp="2021-11-22T15:56:37 IST">
  <testcase classname="com.mindtree.hybrid.utilities.giftCard" name="GiftCard_Page" time="18.176"/>
  <testcase classname="com.mindtree.hybrid.utilities.contactUsTC" name="Contact_Page" time="18.602"/>
  <testcase classname="com.mindtree.hybrid.utilities.wishListTc" name="WishList" time="22.681"/>
  <testcase classname="com.mindtree.hybrid.utilities.cartTC" name="cart_checkout" time="24.397"/>
  <testcase classname="com.mindtree.hybrid.utilities.hoverTC" name="Hover_Page_Navigation" time="23.455"/>
  <testcase classname="com.mindtree.hybrid.utilities.logingPageTc" name="Loging_Page" time="19.049"/>
  <testcase classname="com.mindtree.hybrid.utilities.allOfItTC" name="Home_Items" time="22.978"/>
  <testcase classname="com.mindtree.hybrid.utilities.HomePage" name="Home_Page_Navigation" time="14.217"/>
  <testcase classname="com.mindtree.hybrid.utilities.SearchTest" name="Search_page_navigation" time="16.594"/>
  <testcase classname="com.mindtree.hybrid.utilities.sortTC" name="Sort_Product" time="16.954"/>
</testsuite> <!-- Default test -->
