<?xml version="1.0" encoding="UTF-8"?>
<testsuite xmlns:xsi="http://www.w3.org/2001/XMLSchema-instance" xsi:noNamespaceSchemaLocation="https://maven.apache.org/surefire/maven-surefire-plugin/xsd/surefire-test-report-3.0.xsd" version="3.0" name="TestSuite" time="204.501" tests="10" errors="0" skipped="0" failures="1">
  <properties>
[...]
</properties>
  <testcase name="Contact_Page" classname="com.mindtree.hybrid.utilities.contactUsTC" time="15.06">
    <system-out><![CDATA[Test Passed and value matched
]]></system-out>
    <system-err><![CDATA[Starting ChromeDriver 95.0.4638.69 (6a1600ed572fedecd573b6c2b90a22fe6392a410-refs/branch-heads/4638@{#984}) on port 2298
Only local connections are allowed.
Please see https://chromedriver.chromium.org/security-considerations for suggestions on keeping ChromeDriver safe.
ChromeDriver was started successfully.
[1637598123.452][WARNING]: This version of ChromeDriver has not been tested with Chrome version 96.
Nov 22, 2021 9:52:03 PM org.openqa.selenium.remote.ProtocolHandshake createSession
INFO: Detected dialect: W3C
]]></system-err>
  </testcase>
  <testcase name="Loging_Page" classname="com.mindtree.hybrid.utilities.logingPageTc" time="14.68">
    <system-out><![CDATA[Gifts Online - Send Unique, Unusual Gifts in India, Buy Gifts– Bigsmall.in
]]></system-out>
    <system-err><![CDATA[Starting ChromeDriver 95.0.4638.69 (6a1600ed572fedecd573b6c2b90a22fe6392a410-refs/branch-heads/4638@{#984}) on port 40179
Only local connections are allowed.
Please see https://chromedriver.chromium.org/security-considerations for suggestions on keeping ChromeDriver safe.
ChromeDriver was started successfully.
[1637598142.945][WARNING]: This version of ChromeDriver has not been tested with Chrome version 96.
Nov 22, 2021 9:52:22 PM org.openqa.selenium.remote.ProtocolHandshake createSession
INFO: Detected dialect: W3C
]]></system-err>
  </testcase>
  <testcase name="Home_Page_Navigation" classname="com.mindtree.hybrid.utilities.HomePage" time="10.517">
    <system-err><![CDATA[Starting ChromeDriver 95.0.4638.69 (6a1600ed572fedecd573b6c2b90a22fe6392a410-refs/branch-heads/4638@{#984}) on port 8935
Only local connections are allowed.
Please see https://chromedriver.chromium.org/security-considerations for suggestions on keeping ChromeDriver safe.
ChromeDriver was started successfully.
[1637598161.367][WARNING]: This version of ChromeDriver has not been tested with Chrome version 96.
Nov 22, 2021 9:52:41 PM org.openqa.selenium.remote.ProtocolHandshake createSession
INFO: Detected dialect: W3C
]]></system-err>
  </testcase>
  <testcase name="Search_page_navigation" classname="com.mindtree.hybrid.utilities.SearchTest" time="14.357">
    <system-out><![CDATA[Gifts Online - Send Unique, Unusual Gifts in India, Buy Gifts– Bigsmall.in
Test Passed and value matched
]]></system-out>
    <system-err><![CDATA[Starting ChromeDriver 95.0.4638.69 (6a1600ed572fedecd573b6c2b90a22fe6392a410-refs/branch-heads/4638@{#984}) on port 6315
Only local connections are allowed.
Please see https://chromedriver.chromium.org/security-considerations for suggestions on keeping ChromeDriver safe.
ChromeDriver was started successfully.
[1637598176.095][WARNING]: This version of ChromeDriver has not been tested with Chrome version 96.
Nov 22, 2021 9:52:56 PM org.openqa.selenium.remote.ProtocolHandshake createSession
INFO: Detected dialect: W3C
]]></system-err>
  </testcase>
  <testcase name="GiftCard_Page" classname="com.mindtree.hybrid.utilities.giftCard" time="20.626">
    <system-out><![CDATA[Test Passed and value matched
]]></system-out>
    <system-err><![CDATA[Starting ChromeDriver 95.0.4638.69 (6a1600ed572fedecd573b6c2b90a22fe6392a410-refs/branch-heads/4638@{#984}) on port 27450
Only local connections are allowed.
Please see https://chromedriver.chromium.org/security-considerations for suggestions on keeping ChromeDriver safe.
ChromeDriver was started successfully.
[1637598194.776][WARNING]: This version of ChromeDriver has not been tested with Chrome version 96.
Nov 22, 2021 9:53:14 PM org.openqa.selenium.remote.ProtocolHandshake createSession
INFO: Detected dialect: W3C
]]></system-err>
  </testcase>
  <testcase name="WishList" classname="com.mindtree.hybrid.utilities.wishListTc" time="12.35">
    <failure message="element click intercepted: Element &lt;button class=&quot;btn btn-default&quot; title=&quot;&quot;&gt;...&lt;/button&gt; is not clickable at point (761, 580). Other element would receive the click: &lt;img class=&quot;grid-product__image lazyautosizes lazyloaded&quot; data-widths=&quot;[750, 900, 1080]&quot; data-aspectratio=&quot;1.0&quot; data-sizes=&quot;auto&quot; alt=&quot;&quot; data-srcset=&quot;//cdn.shopify.com/s/files/1/1305/2183/files/Flower_Tree_LED_Lamp_9617_-_3_750x.jpg?v=1636960917 750w, //cdn.shopify.com/s/files/1/1305/2183/files/Flower_Tree_LED_Lamp_9617_-_3_900x.jpg?v=1636960917 900w, //cdn.shopify.com/s/files/1/1305/2183/files/Flower_Tree_LED_Lamp_9617_-_3_1080x.jpg?v=1636960917 1080w&quot; sizes=&quot;485px&quot; srcset=&quot;//cdn.shopify.com/s/files/1/1305/2183/files/Flower_Tree_LED_Lamp_9617_-_3_750x.jpg?v=1636960917 750w, //cdn.shopify.com/s/files/1/1305/2183/files/Flower_Tree_LED_Lamp_9617_-_3_900x.jpg?v=1636960917 900w, //cdn.shopify.com/s/files/1/1305/2183/files/Flower_Tree_LED_Lamp_9617_-_3_1080x.jpg?v=1636960917 1080w&quot;&gt;&#10;  (Session info: chrome=96.0.4664.45)&#10;Build info: version: &apos;3.141.59&apos;, revision: &apos;e82be7d358&apos;, time: &apos;2018-11-14T08:17:03&apos;&#10;System info: host: &apos;MT-79DHR93&apos;, ip: &apos;192.168.0.102&apos;, os.name: &apos;Windows 10&apos;, os.arch: &apos;amd64&apos;, os.version: &apos;10.0&apos;, java.version: &apos;1.8.0_292&apos;&#10;Driver info: org.openqa.selenium.chrome.ChromeDriver&#10;Capabilities {acceptInsecureCerts: false, browserName: chrome, browserVersion: 96.0.4664.45, chrome: {chromedriverVersion: 95.0.4638.69 (6a1600ed572fe..., userDataDir: C:\Users\UMARIM~1\AppData\L...}, goog:chromeOptions: {debuggerAddress: localhost:57806}, javascriptEnabled: true, networkConnectionEnabled: false, pageLoadStrategy: normal, platform: WINDOWS, platformName: WINDOWS, proxy: Proxy(), setWindowRect: true, strictFileInteractability: false, timeouts: {implicit: 0, pageLoad: 300000, script: 30000}, unhandledPromptBehavior: dismiss and notify, webauthn:extension:credBlob: true, webauthn:extension:largeBlob: true, webauthn:virtualAuthenticators: true}&#10;Session ID: 72d48c7a5f2e664276d1e30015a9524d" type="org.openqa.selenium.ElementClickInterceptedException"><![CDATA[org.openqa.selenium.ElementClickInterceptedException: 
element click intercepted: Element <button class="btn btn-default" title="">...</button> is not clickable at point (761, 580). Other element would receive the click: <img class="grid-product__image lazyautosizes lazyloaded" data-widths="[750, 900, 1080]" data-aspectratio="1.0" data-sizes="auto" alt="" data-srcset="//cdn.shopify.com/s/files/1/1305/2183/files/Flower_Tree_LED_Lamp_9617_-_3_750x.jpg?v=1636960917 750w, //cdn.shopify.com/s/files/1/1305/2183/files/Flower_Tree_LED_Lamp_9617_-_3_900x.jpg?v=1636960917 900w, //cdn.shopify.com/s/files/1/1305/2183/files/Flower_Tree_LED_Lamp_9617_-_3_1080x.jpg?v=1636960917 1080w" sizes="485px" srcset="//cdn.shopify.com/s/files/1/1305/2183/files/Flower_Tree_LED_Lamp_9617_-_3_750x.jpg?v=1636960917 750w, //cdn.shopify.com/s/files/1/1305/2183/files/Flower_Tree_LED_Lamp_9617_-_3_900x.jpg?v=1636960917 900w, //cdn.shopify.com/s/files/1/1305/2183/files/Flower_Tree_LED_Lamp_9617_-_3_1080x.jpg?v=1636960917 1080w">
  (Session info: chrome=96.0.4664.45)
Build info: version: '3.141.59', revision: 'e82be7d358', time: '2018-11-14T08:17:03'
System info: host: 'MT-79DHR93', ip: '192.168.0.102', os.name: 'Windows 10', os.arch: 'amd64', os.version: '10.0', java.version: '1.8.0_292'
Driver info: org.openqa.selenium.chrome.ChromeDriver
Capabilities {acceptInsecureCerts: false, browserName: chrome, browserVersion: 96.0.4664.45, chrome: {chromedriverVersion: 95.0.4638.69 (6a1600ed572fe..., userDataDir: C:\Users\UMARIM~1\AppData\L...}, goog:chromeOptions: {debuggerAddress: localhost:57806}, javascriptEnabled: true, networkConnectionEnabled: false, pageLoadStrategy: normal, platform: WINDOWS, platformName: WINDOWS, proxy: Proxy(), setWindowRect: true, strictFileInteractability: false, timeouts: {implicit: 0, pageLoad: 300000, script: 30000}, unhandledPromptBehavior: dismiss and notify, webauthn:extension:credBlob: true, webauthn:extension:largeBlob: true, webauthn:virtualAuthenticators: true}
Session ID: 72d48c7a5f2e664276d1e30015a9524d
	at com.mindtree.hybrid.utilities.wishListTc.WishList(wishListTc.java:29)
]]></failure>
    <system-err><![CDATA[Starting ChromeDriver 95.0.4638.69 (6a1600ed572fedecd573b6c2b90a22fe6392a410-refs/branch-heads/4638@{#984}) on port 32529
Only local connections are allowed.
Please see https://chromedriver.chromium.org/security-considerations for suggestions on keeping ChromeDriver safe.
ChromeDriver was started successfully.
[1637598219.590][WARNING]: This version of ChromeDriver has not been tested with Chrome version 96.
Nov 22, 2021 9:53:39 PM org.openqa.selenium.remote.ProtocolHandshake createSession
INFO: Detected dialect: W3C
]]></system-err>
  </testcase>
  <testcase name="Sort_Product" classname="com.mindtree.hybrid.utilities.sortTC" time="13.76">
    <system-out><![CDATA[Test Passed and value matched
]]></system-out>
    <system-err><![CDATA[Starting ChromeDriver 95.0.4638.69 (6a1600ed572fedecd573b6c2b90a22fe6392a410-refs/branch-heads/4638@{#984}) on port 45678
Only local connections are allowed.
Please see https://chromedriver.chromium.org/security-considerations for suggestions on keeping ChromeDriver safe.
ChromeDriver was started successfully.
[1637598236.106][WARNING]: This version of ChromeDriver has not been tested with Chrome version 96.
Nov 22, 2021 9:53:56 PM org.openqa.selenium.remote.ProtocolHandshake createSession
INFO: Detected dialect: W3C
]]></system-err>
  </testcase>
  <testcase name="cart_checkout" classname="com.mindtree.hybrid.utilities.cartTC" time="19.972">
    <system-err><![CDATA[Starting ChromeDriver 95.0.4638.69 (6a1600ed572fedecd573b6c2b90a22fe6392a410-refs/branch-heads/4638@{#984}) on port 2572
Only local connections are allowed.
Please see https://chromedriver.chromium.org/security-considerations for suggestions on keeping ChromeDriver safe.
ChromeDriver was started successfully.
[1637598254.324][WARNING]: This version of ChromeDriver has not been tested with Chrome version 96.
Nov 22, 2021 9:54:14 PM org.openqa.selenium.remote.ProtocolHandshake createSession
INFO: Detected dialect: W3C
]]></system-err>
  </testcase>
  <testcase name="Home_Items" classname="com.mindtree.hybrid.utilities.allOfItTC" time="21.225">
    <system-out><![CDATA[Test Passed and value matched
]]></system-out>
    <system-err><![CDATA[Starting ChromeDriver 95.0.4638.69 (6a1600ed572fedecd573b6c2b90a22fe6392a410-refs/branch-heads/4638@{#984}) on port 18923
Only local connections are allowed.
Please see https://chromedriver.chromium.org/security-considerations for suggestions on keeping ChromeDriver safe.
ChromeDriver was started successfully.
[1637598278.218][WARNING]: This version of ChromeDriver has not been tested with Chrome version 96.
Nov 22, 2021 9:54:38 PM org.openqa.selenium.remote.ProtocolHandshake createSession
INFO: Detected dialect: W3C
]]></system-err>
  </testcase>
  <testcase name="Hover_Page_Navigation" classname="com.mindtree.hybrid.utilities.hoverTC" time="18.261">
    <system-out><![CDATA[Test Passed and value matched
]]></system-out>
    <system-err><![CDATA[Starting ChromeDriver 95.0.4638.69 (6a1600ed572fedecd573b6c2b90a22fe6392a410-refs/branch-heads/4638@{#984}) on port 14715
Only local connections are allowed.
Please see https://chromedriver.chromium.org/security-considerations for suggestions on keeping ChromeDriver safe.
ChromeDriver was started successfully.
[1637598303.643][WARNING]: This version of ChromeDriver has not been tested with Chrome version 96.
Nov 22, 2021 9:55:03 PM org.openqa.selenium.remote.ProtocolHandshake createSession
INFO: Detected dialect: W3C
]]></system-err>
  </testcase>
</testsuite>