<?xml version="1.0" encoding="UTF-8"?>
<testng-results skipped="0" failed="1" total="10" passed="9">
  <reporter-output>
  </reporter-output>
  <suite name="Suite" duration-ms="202851" started-at="2021-11-22T16:22:02Z" finished-at="2021-11-22T16:25:24Z">
    <groups>
    </groups>
    <test name="Test" duration-ms="202851" started-at="2021-11-22T16:22:02Z" finished-at="2021-11-22T16:25:24Z">
      <class name="com.mindtree.hybrid.utilities.giftCard">
        <test-method status="PASS" signature="GiftCard_Page()[pri:0, instance:com.mindtree.hybrid.utilities.giftCard@2f953efd]" name="GiftCard_Page" duration-ms="20624" started-at="2021-11-22T21:53:13Z" finished-at="2021-11-22T21:53:34Z">
          <reporter-output>
          </reporter-output>
        </test-method> <!-- GiftCard_Page -->
        <test-method status="PASS" signature="tearDown()[pri:0, instance:com.mindtree.hybrid.utilities.giftCard@2f953efd]" name="tearDown" is-config="true" duration-ms="3800" started-at="2021-11-22T21:53:34Z" finished-at="2021-11-22T21:53:38Z">
          <reporter-output>
          </reporter-output>
        </test-method> <!-- tearDown -->
      </class> <!-- com.mindtree.hybrid.utilities.giftCard -->
      <class name="com.mindtree.hybrid.utilities.contactUsTC">
        <test-method status="PASS" signature="Contact_Page()[pri:0, instance:com.mindtree.hybrid.utilities.contactUsTC@45385f75]" name="Contact_Page" duration-ms="15051" started-at="2021-11-22T21:52:02Z" finished-at="2021-11-22T21:52:17Z">
          <reporter-output>
          </reporter-output>
        </test-method> <!-- Contact_Page -->
        <test-method status="PASS" signature="tearDown()[pri:0, instance:com.mindtree.hybrid.utilities.contactUsTC@45385f75]" name="tearDown" is-config="true" duration-ms="4004" started-at="2021-11-22T21:52:17Z" finished-at="2021-11-22T21:52:21Z">
          <reporter-output>
          </reporter-output>
        </test-method> <!-- tearDown -->
      </class> <!-- com.mindtree.hybrid.utilities.contactUsTC -->
      <class name="com.mindtree.hybrid.utilities.logingPageTc">
        <test-method status="PASS" signature="Loging_Page()[pri:0, instance:com.mindtree.hybrid.utilities.logingPageTc@1f9f6368]" name="Loging_Page" duration-ms="14673" started-at="2021-11-22T21:52:21Z" finished-at="2021-11-22T21:52:36Z">
          <reporter-output>
          </reporter-output>
        </test-method> <!-- Loging_Page -->
        <test-method status="PASS" signature="tearDown()[pri:0, instance:com.mindtree.hybrid.utilities.logingPageTc@1f9f6368]" name="tearDown" is-config="true" duration-ms="3840" started-at="2021-11-22T21:52:36Z" finished-at="2021-11-22T21:52:40Z">
          <reporter-output>
          </reporter-output>
        </test-method> <!-- tearDown -->
      </class> <!-- com.mindtree.hybrid.utilities.logingPageTc -->
      <class name="com.mindtree.hybrid.utilities.wishListTc">
        <test-method status="FAIL" signature="WishList()[pri:0, instance:com.mindtree.hybrid.utilities.wishListTc@2d29b4ee]" name="WishList" duration-ms="12340" started-at="2021-11-22T21:53:38Z" finished-at="2021-11-22T21:53:50Z">
          <exception class="org.openqa.selenium.ElementClickInterceptedException">
            <message>
              <![CDATA[element click intercepted: Element <button class="btn btn-default" title="">...</button> is not clickable at point (761, 580). Other element would receive the click: <img class="grid-product__image lazyautosizes lazyloaded" data-widths="[750, 900, 1080]" data-aspectratio="1.0" data-sizes="auto" alt="" data-srcset="//cdn.shopify.com/s/files/1/1305/2183/files/Flower_Tree_LED_Lamp_9617_-_3_750x.jpg?v=1636960917 750w, //cdn.shopify.com/s/files/1/1305/2183/files/Flower_Tree_LED_Lamp_9617_-_3_900x.jpg?v=1636960917 900w, //cdn.shopify.com/s/files/1/1305/2183/files/Flower_Tree_LED_Lamp_9617_-_3_1080x.jpg?v=1636960917 1080w" sizes="485px" srcset="//cdn.shopify.com/s/files/1/1305/2183/files/Flower_Tree_LED_Lamp_9617_-_3_750x.jpg?v=1636960917 750w, //cdn.shopify.com/s/files/1/1305/2183/files/Flower_Tree_LED_Lamp_9617_-_3_900x.jpg?v=1636960917 900w, //cdn.shopify.com/s/files/1/1305/2183/files/Flower_Tree_LED_Lamp_9617_-_3_1080x.jpg?v=1636960917 1080w">
  (Session info: chrome=96.0.4664.45)
Build info: version: '3.141.59', revision: 'e82be7d358', time: '2018-11-14T08:17:03'
System info: host: 'MT-79DHR93', ip: '192.168.0.102', os.name: 'Windows 10', os.arch: 'amd64', os.version: '10.0', java.version: '1.8.0_292'
Driver info: org.openqa.selenium.chrome.ChromeDriver
Capabilities {acceptInsecureCerts: false, browserName: chrome, browserVersion: 96.0.4664.45, chrome: {chromedriverVersion: 95.0.4638.69 (6a1600ed572fe..., userDataDir: C:\Users\UMARIM~1\AppData\L...}, goog:chromeOptions: {debuggerAddress: localhost:57806}, javascriptEnabled: true, networkConnectionEnabled: false, pageLoadStrategy: normal, platform: WINDOWS, platformName: WINDOWS, proxy: Proxy(), setWindowRect: true, strictFileInteractability: false, timeouts: {implicit: 0, pageLoad: 300000, script: 30000}, unhandledPromptBehavior: dismiss and notify, webauthn:extension:credBlob: true, webauthn:extension:largeBlob: true, webauthn:virtualAuthenticators: true}
Session ID: 72d48c7a5f2e664276d1e30015a9524d]]>
            </message>
            <full-stacktrace>
              <![CDATA[org.openqa.selenium.ElementClickInterceptedException: element click intercepted: Element <button class="btn btn-default" title="">...</button> is not clickable at point (761, 580). Other element would receive the click: <img class="grid-product__image lazyautosizes lazyloaded" data-widths="[750, 900, 1080]" data-aspectratio="1.0" data-sizes="auto" alt="" data-srcset="//cdn.shopify.com/s/files/1/1305/2183/files/Flower_Tree_LED_Lamp_9617_-_3_750x.jpg?v=1636960917 750w, //cdn.shopify.com/s/files/1/1305/2183/files/Flower_Tree_LED_Lamp_9617_-_3_900x.jpg?v=1636960917 900w, //cdn.shopify.com/s/files/1/1305/2183/files/Flower_Tree_LED_Lamp_9617_-_3_1080x.jpg?v=1636960917 1080w" sizes="485px" srcset="//cdn.shopify.com/s/files/1/1305/2183/files/Flower_Tree_LED_Lamp_9617_-_3_750x.jpg?v=1636960917 750w, //cdn.shopify.com/s/files/1/1305/2183/files/Flower_Tree_LED_Lamp_9617_-_3_900x.jpg?v=1636960917 900w, //cdn.shopify.com/s/files/1/1305/2183/files/Flower_Tree_LED_Lamp_9617_-_3_1080x.jpg?v=1636960917 1080w">
  (Session info: chrome=96.0.4664.45)
Build info: version: '3.141.59', revision: 'e82be7d358', time: '2018-11-14T08:17:03'
System info: host: 'MT-79DHR93', ip: '192.168.0.102', os.name: 'Windows 10', os.arch: 'amd64', os.version: '10.0', java.version: '1.8.0_292'
Driver info: org.openqa.selenium.chrome.ChromeDriver
Capabilities {acceptInsecureCerts: false, browserName: chrome, browserVersion: 96.0.4664.45, chrome: {chromedriverVersion: 95.0.4638.69 (6a1600ed572fe..., userDataDir: C:\Users\UMARIM~1\AppData\L...}, goog:chromeOptions: {debuggerAddress: localhost:57806}, javascriptEnabled: true, networkConnectionEnabled: false, pageLoadStrategy: normal, platform: WINDOWS, platformName: WINDOWS, proxy: Proxy(), setWindowRect: true, strictFileInteractability: false, timeouts: {implicit: 0, pageLoad: 300000, script: 30000}, unhandledPromptBehavior: dismiss and notify, webauthn:extension:credBlob: true, webauthn:extension:largeBlob: true, webauthn:virtualAuthenticators: true}
Session ID: 72d48c7a5f2e664276d1e30015a9524d
	at sun.reflect.NativeConstructorAccessorImpl.newInstance0(Native Method)
	at sun.reflect.NativeConstructorAccessorImpl.newInstance(NativeConstructorAccessorImpl.java:62)
	at sun.reflect.DelegatingConstructorAccessorImpl.newInstance(DelegatingConstructorAccessorImpl.java:45)
	at java.lang.reflect.Constructor.newInstance(Constructor.java:423)
	at org.openqa.selenium.remote.http.W3CHttpResponseCodec.createException(W3CHttpResponseCodec.java:187)
	at org.openqa.selenium.remote.http.W3CHttpResponseCodec.decode(W3CHttpResponseCodec.java:122)
	at org.openqa.selenium.remote.http.W3CHttpResponseCodec.decode(W3CHttpResponseCodec.java:49)
	at org.openqa.selenium.remote.HttpCommandExecutor.execute(HttpCommandExecutor.java:158)
	at org.openqa.selenium.remote.service.DriverCommandExecutor.execute(DriverCommandExecutor.java:83)
	at org.openqa.selenium.remote.RemoteWebDriver.execute(RemoteWebDriver.java:552)
	at org.openqa.selenium.remote.RemoteWebElement.execute(RemoteWebElement.java:285)
	at org.openqa.selenium.remote.RemoteWebElement.click(RemoteWebElement.java:84)
	at com.mindtree.hybrid.utilities.wishListTc.WishList(wishListTc.java:29)
	at sun.reflect.NativeMethodAccessorImpl.invoke0(Native Method)
	at sun.reflect.NativeMethodAccessorImpl.invoke(NativeMethodAccessorImpl.java:62)
	at sun.reflect.DelegatingMethodAccessorImpl.invoke(DelegatingMethodAccessorImpl.java:43)
	at java.lang.reflect.Method.invoke(Method.java:498)
	at org.testng.internal.MethodInvocationHelper.invokeMethod(MethodInvocationHelper.java:80)
	at org.testng.internal.Invoker.invokeMethod(Invoker.java:714)
	at org.testng.internal.Invoker.invokeTestMethod(Invoker.java:901)
	at org.testng.internal.Invoker.invokeTestMethods(Invoker.java:1231)
	at org.testng.internal.TestMethodWorker.invokeTestMethods(TestMethodWorker.java:127)
	at org.testng.internal.TestMethodWorker.run(TestMethodWorker.java:111)
	at org.testng.TestRunner.privateRun(TestRunner.java:767)
	at org.testng.TestRunner.run(TestRunner.java:617)
	at org.testng.SuiteRunner.runTest(SuiteRunner.java:334)
	at org.testng.SuiteRunner.runSequentially(SuiteRunner.java:329)
	at org.testng.SuiteRunner.privateRun(SuiteRunner.java:291)
	at org.testng.SuiteRunner.run(SuiteRunner.java:240)
	at org.testng.SuiteRunnerWorker.runSuite(SuiteRunnerWorker.java:52)
	at org.testng.SuiteRunnerWorker.run(SuiteRunnerWorker.java:86)
	at org.testng.TestNG.runSuitesSequentially(TestNG.java:1198)
	at org.testng.TestNG.runSuitesLocally(TestNG.java:1123)
	at org.testng.TestNG.run(TestNG.java:1031)
	at org.apache.maven.surefire.testng.TestNGExecutor.run(TestNGExecutor.java:284)
	at org.apache.maven.surefire.testng.TestNGXmlTestSuite.execute(TestNGXmlTestSuite.java:75)
	at org.apache.maven.surefire.testng.TestNGProvider.invoke(TestNGProvider.java:119)
	at org.apache.maven.surefire.booter.ForkedBooter.runSuitesInProcess(ForkedBooter.java:428)
	at org.apache.maven.surefire.booter.ForkedBooter.execute(ForkedBooter.java:162)
	at org.apache.maven.surefire.booter.ForkedBooter.run(ForkedBooter.java:562)
	at org.apache.maven.surefire.booter.ForkedBooter.main(ForkedBooter.java:548)
]]>
            </full-stacktrace>
          </exception> <!-- org.openqa.selenium.ElementClickInterceptedException -->
          <reporter-output>
          </reporter-output>
        </test-method> <!-- WishList -->
        <test-method status="PASS" signature="tearDown()[pri:0, instance:com.mindtree.hybrid.utilities.wishListTc@2d29b4ee]" name="tearDown" is-config="true" duration-ms="3788" started-at="2021-11-22T21:53:51Z" finished-at="2021-11-22T21:53:55Z">
          <reporter-output>
          </reporter-output>
        </test-method> <!-- tearDown -->
      </class> <!-- com.mindtree.hybrid.utilities.wishListTc -->
      <class name="com.mindtree.hybrid.utilities.cartTC">
        <test-method status="PASS" signature="cart_checkout()[pri:0, instance:com.mindtree.hybrid.utilities.cartTC@660acfb]" name="cart_checkout" duration-ms="19970" started-at="2021-11-22T21:54:13Z" finished-at="2021-11-22T21:54:33Z">
          <reporter-output>
          </reporter-output>
        </test-method> <!-- cart_checkout -->
        <test-method status="PASS" signature="tearDown()[pri:0, instance:com.mindtree.hybrid.utilities.cartTC@660acfb]" name="tearDown" is-config="true" duration-ms="3819" started-at="2021-11-22T21:54:33Z" finished-at="2021-11-22T21:54:37Z">
          <reporter-output>
          </reporter-output>
        </test-method> <!-- tearDown -->
      </class> <!-- com.mindtree.hybrid.utilities.cartTC -->
      <class name="com.mindtree.hybrid.utilities.allOfItTC">
        <test-method status="PASS" signature="Home_Items()[pri:0, instance:com.mindtree.hybrid.utilities.allOfItTC@23941fb4]" name="Home_Items" duration-ms="21224" started-at="2021-11-22T21:54:37Z" finished-at="2021-11-22T21:54:58Z">
          <reporter-output>
          </reporter-output>
        </test-method> <!-- Home_Items -->
        <test-method status="PASS" signature="tearDown()[pri:0, instance:com.mindtree.hybrid.utilities.allOfItTC@23941fb4]" name="tearDown" is-config="true" duration-ms="3885" started-at="2021-11-22T21:54:58Z" finished-at="2021-11-22T21:55:02Z">
          <reporter-output>
          </reporter-output>
        </test-method> <!-- tearDown -->
      </class> <!-- com.mindtree.hybrid.utilities.allOfItTC -->
      <class name="com.mindtree.hybrid.utilities.HomePage">
        <test-method status="PASS" signature="Home_Page_Navigation()[pri:0, instance:com.mindtree.hybrid.utilities.HomePage@1c9b0314]" name="Home_Page_Navigation" duration-ms="10512" started-at="2021-11-22T21:52:40Z" finished-at="2021-11-22T21:52:50Z">
          <reporter-output>
          </reporter-output>
        </test-method> <!-- Home_Page_Navigation -->
        <test-method status="PASS" signature="tearDown()[pri:0, instance:com.mindtree.hybrid.utilities.HomePage@1c9b0314]" name="tearDown" is-config="true" duration-ms="3814" started-at="2021-11-22T21:52:51Z" finished-at="2021-11-22T21:52:54Z">
          <reporter-output>
          </reporter-output>
        </test-method> <!-- tearDown -->
      </class> <!-- com.mindtree.hybrid.utilities.HomePage -->
      <class name="com.mindtree.hybrid.utilities.SearchTest">
        <test-method status="PASS" signature="Search_page_navigation()[pri:0, instance:com.mindtree.hybrid.utilities.SearchTest@1df8da7a]" name="Search_page_navigation" duration-ms="14352" started-at="2021-11-22T21:52:54Z" finished-at="2021-11-22T21:53:09Z">
          <reporter-output>
          </reporter-output>
        </test-method> <!-- Search_page_navigation -->
        <test-method status="PASS" signature="tearDown()[pri:0, instance:com.mindtree.hybrid.utilities.SearchTest@1df8da7a]" name="tearDown" is-config="true" duration-ms="3813" started-at="2021-11-22T21:53:09Z" finished-at="2021-11-22T21:53:13Z">
          <reporter-output>
          </reporter-output>
        </test-method> <!-- tearDown -->
      </class> <!-- com.mindtree.hybrid.utilities.SearchTest -->
      <class name="com.mindtree.hybrid.utilities.sortTC">
        <test-method status="PASS" signature="Sort_Product()[pri:0, instance:com.mindtree.hybrid.utilities.sortTC@7486b455]" name="Sort_Product" duration-ms="13758" started-at="2021-11-22T21:53:55Z" finished-at="2021-11-22T21:54:08Z">
          <reporter-output>
          </reporter-output>
        </test-method> <!-- Sort_Product -->
        <test-method status="PASS" signature="tearDown()[pri:0, instance:com.mindtree.hybrid.utilities.sortTC@7486b455]" name="tearDown" is-config="true" duration-ms="4143" started-at="2021-11-22T21:54:09Z" finished-at="2021-11-22T21:54:13Z">
          <reporter-output>
          </reporter-output>
        </test-method> <!-- tearDown -->
      </class> <!-- com.mindtree.hybrid.utilities.sortTC -->
      <class name="com.mindtree.hybrid.utilities.hoverTC">
        <test-method status="PASS" signature="Hover_Page_Navigation()[pri:0, instance:com.mindtree.hybrid.utilities.hoverTC@5efa40fe]" name="Hover_Page_Navigation" duration-ms="18260" started-at="2021-11-22T21:55:02Z" finished-at="2021-11-22T21:55:20Z">
          <reporter-output>
          </reporter-output>
        </test-method> <!-- Hover_Page_Navigation -->
        <test-method status="PASS" signature="tearDown()[pri:0, instance:com.mindtree.hybrid.utilities.hoverTC@5efa40fe]" name="tearDown" is-config="true" duration-ms="3826" started-at="2021-11-22T21:55:21Z" finished-at="2021-11-22T21:55:24Z">
          <reporter-output>
          </reporter-output>
        </test-method> <!-- tearDown -->
      </class> <!-- com.mindtree.hybrid.utilities.hoverTC -->
    </test> <!-- Test -->
  </suite> <!-- Suite -->
</testng-results>
